0 info it worked if it ends with ok
1 verbose cli [ '/Users/already_haddix/.nvm/versions/node/v6.3.1/bin/node',
1 verbose cli   '/Users/already_haddix/.nvm/versions/node/v6.3.1/bin/npm',
1 verbose cli   'run',
1 verbose cli   'cover' ]
2 info using npm@3.10.3
3 info using node@v6.3.1
4 verbose run-script [ 'precover', 'cover', 'postcover' ]
5 info lifecycle super-awesome-webpack-plugin@2.0.9~precover: super-awesome-webpack-plugin@2.0.9
6 silly lifecycle super-awesome-webpack-plugin@2.0.9~precover: no script for precover, continuing
7 info lifecycle super-awesome-webpack-plugin@2.0.9~cover: super-awesome-webpack-plugin@2.0.9
8 verbose lifecycle super-awesome-webpack-plugin@2.0.9~cover: unsafe-perm in lifecycle true
9 verbose lifecycle super-awesome-webpack-plugin@2.0.9~cover: PATH: /Users/already_haddix/.nvm/versions/node/v6.3.1/lib/node_modules/npm/bin/node-gyp-bin:/Users/already_haddix/Projects/Web/super-awesome-webpack-plugin/node_modules/.bin:/Users/already_haddix/.nvm/versions/node/v6.3.1/bin:/Users/already_haddix/.nvm/versions/node/v6.3.1/bin:/Users/already_haddix/.node/bin:/usr/bin:/bin:/usr/sbin:/sbin:/usr/local/bin:/bin/oracle/instantclient_11_2:/usr/local/git/bin:/Users/already_haddix/Library/Android/sdk/tools:/Users/already_haddix/Library/Android/sdk/platform-tools
10 verbose lifecycle super-awesome-webpack-plugin@2.0.9~cover: CWD: /Users/already_haddix/Projects/Web/super-awesome-webpack-plugin
11 silly lifecycle super-awesome-webpack-plugin@2.0.9~cover: Args: [ '-c',
11 silly lifecycle   'nyc report --reporter=lcov --reporter=text-lcov | coveralls' ]
12 silly lifecycle super-awesome-webpack-plugin@2.0.9~cover: Returned: code: 1  signal: null
13 info lifecycle super-awesome-webpack-plugin@2.0.9~cover: Failed to exec cover script
14 verbose stack Error: super-awesome-webpack-plugin@2.0.9 cover: `nyc report --reporter=lcov --reporter=text-lcov | coveralls`
14 verbose stack Exit status 1
14 verbose stack     at EventEmitter.<anonymous> (/Users/already_haddix/.nvm/versions/node/v6.3.1/lib/node_modules/npm/lib/utils/lifecycle.js:242:16)
14 verbose stack     at emitTwo (events.js:106:13)
14 verbose stack     at EventEmitter.emit (events.js:191:7)
14 verbose stack     at ChildProcess.<anonymous> (/Users/already_haddix/.nvm/versions/node/v6.3.1/lib/node_modules/npm/lib/utils/spawn.js:40:14)
14 verbose stack     at emitTwo (events.js:106:13)
14 verbose stack     at ChildProcess.emit (events.js:191:7)
14 verbose stack     at maybeClose (internal/child_process.js:852:16)
14 verbose stack     at Process.ChildProcess._handle.onexit (internal/child_process.js:215:5)
15 verbose pkgid super-awesome-webpack-plugin@2.0.9
16 verbose cwd /Users/already_haddix/Projects/Web/super-awesome-webpack-plugin
17 error Darwin 15.6.0
18 error argv "/Users/already_haddix/.nvm/versions/node/v6.3.1/bin/node" "/Users/already_haddix/.nvm/versions/node/v6.3.1/bin/npm" "run" "cover"
19 error node v6.3.1
20 error npm  v3.10.3
21 error code ELIFECYCLE
22 error super-awesome-webpack-plugin@2.0.9 cover: `nyc report --reporter=lcov --reporter=text-lcov | coveralls`
22 error Exit status 1
23 error Failed at the super-awesome-webpack-plugin@2.0.9 cover script 'nyc report --reporter=lcov --reporter=text-lcov | coveralls'.
23 error Make sure you have the latest version of node.js and npm installed.
23 error If you do, this is most likely a problem with the super-awesome-webpack-plugin package,
23 error not with npm itself.
23 error Tell the author that this fails on your system:
23 error     nyc report --reporter=lcov --reporter=text-lcov | coveralls
23 error You can get information on how to open an issue for this project with:
23 error     npm bugs super-awesome-webpack-plugin
23 error Or if that isn't available, you can get their info via:
23 error     npm owner ls super-awesome-webpack-plugin
23 error There is likely additional logging output above.
24 verbose exit [ 1, true ]
